<?xml version="1.0" encoding="UTF-8"?>
<!-- Generated by org.testng.reporters.JUnitReportReporter -->
<testsuite hostname="Onkar-Desktop" failures="0" tests="1" name="Airlines.TestsAirline" time="2.512" errors="0" timestamp="2023-09-13T10:57:53 IST" skipped="0">
  <testcase classname="Airlines.TestsAirline" name="createAirline" time="2.512"/>
  <system-out/>
</testsuite> <!-- Airlines.TestsAirline -->
