<?xml version="1.0" encoding="UTF-8"?>
<!-- Generated by org.testng.reporters.JUnitReportReporter -->
<testsuite hostname="Onkar-Desktop" failures="0" tests="1" name="Airlines.CreateAirline" time="5.484" errors="0" timestamp="2023-09-12T17:06:14 IST" skipped="0">
  <testcase classname="Airlines.CreateAirline" name="createAirline" time="5.484"/>
  <system-out/>
</testsuite> <!-- Airlines.CreateAirline -->
