<?xml version="1.0" encoding="UTF-8"?>
<!-- Generated by org.testng.reporters.JUnitReportReporter -->
<testsuite hostname="Onkar-Desktop" failures="0" tests="1" name="CreateAirline" time="2.232" errors="0" timestamp="2023-09-12T13:27:52 IST" skipped="0">
  <testcase classname="CreateAirline" name="createAirline" time="2.232"/>
  <system-out/>
</testsuite> <!-- CreateAirline -->
